<?xml version="1.0" encoding="UTF-8"?>
<!-- Generated by org.testng.reporters.JUnitXMLReporter -->
<testsuite hostname="IQA_Rahul-K" ignored="0" name="Test" tests="10" failures="0" timestamp="03 Mar 2020 06:09:34 GMT" time="3.611" errors="0">
  <testcase name="launchBrawser" time="0.009" classname="REST.demo.SeleniumTes"/>
  <testcase name="test" time="0.001" classname="REST.demo.NewTest"/>
  <testcase name="API" time="0.001" classname="REST.demo.RestTest"/>
  <testcase name="BookTest" time="0.001" classname="basicAPI.AddBook_MultipleSet"/>
  <testcase name="addBookSet" time="2.15" classname="basicAPI.AddBook_MultipleSet"/>
  <testcase name="addBookSet" time="0.298" classname="basicAPI.AddBook_MultipleSet"/>
  <testcase name="addBookSet" time="0.348" classname="basicAPI.AddBook_MultipleSet"/>
  <testcase name="deleteBook" time="0.285" classname="basicAPI.AddBook_MultipleSet"/>
  <testcase name="deleteBook" time="0.223" classname="basicAPI.AddBook_MultipleSet"/>
  <testcase name="deleteBook" time="0.258" classname="basicAPI.AddBook_MultipleSet"/>
</testsuite> <!-- Test -->
