<?xml version="1.0" encoding="UTF-8"?>
<testng-results skipped="0" failed="0" ignored="0" total="1" passed="1">
  <reporter-output>
  </reporter-output>
  <suite name="Default suite" duration-ms="9127" started-at="2020-06-20T11:05:40Z" finished-at="2020-06-20T11:05:49Z">
    <groups>
    </groups>
    <test name="Default test" duration-ms="9127" started-at="2020-06-20T11:05:40Z" finished-at="2020-06-20T11:05:49Z">
      <class name="reqresTest.ModifyResponse">
        <test-method status="PASS" signature="createUserAndModifyRespose()[pri:0, instance:reqresTest.ModifyResponse@239963d8]" name="createUserAndModifyRespose" duration-ms="9107" started-at="2020-06-20T11:05:40Z" finished-at="2020-06-20T11:05:49Z">
          <reporter-output>
          </reporter-output>
        </test-method> <!-- createUserAndModifyRespose -->
      </class> <!-- reqresTest.ModifyResponse -->
    </test> <!-- Default test -->
  </suite> <!-- Default suite -->
</testng-results>
